<?xml version="1.0" encoding="UTF-8"?>
<!-- Generated by org.testng.reporters.JUnitReportReporter -->
<testsuite hostname="NumPc" name="com.pom.testcases.LoginPageTest" tests="1" failures="0" timestamp="15 Apr 2018 00:37:25 GMT" time="26.675" errors="0">
  <testcase name="loginTest" time="26.675" classname="com.pom.testcases.LoginPageTest"/>
</testsuite> <!-- com.pom.testcases.LoginPageTest -->
