<?xml version="1.0" encoding="UTF-8"?>
<!-- Generated by org.testng.reporters.JUnitReportReporter -->
<testsuite hostname="NumPc" name="com.selenium.pom.pages.Testt" tests="1" failures="0" timestamp="11 Apr 2018 22:44:37 GMT" time="19.740" errors="0">
  <testcase name="setup" time="19.740" classname="com.selenium.pom.pages.Testt"/>
</testsuite> <!-- com.selenium.pom.pages.Testt -->
