<?xml version="1.0" encoding="UTF-8"?>
<!-- Generated by org.testng.reporters.JUnitReportReporter -->
<testsuite hostname="NumPc" name="com.pom.testcases.Base" tests="1" failures="0" timestamp="12 Apr 2018 04:49:10 GMT" time="34.247" errors="0">
  <testcase name="LoginSalesForce" time="34.247" classname="com.pom.testcases.Base"/>
</testsuite> <!-- com.pom.testcases.Base -->
