<?xml version="1.0" encoding="UTF-8"?>
<!-- Generated by org.testng.reporters.JUnitReportReporter -->
<testsuite hostname="NumPc" name="com.pom.testcases.TC1" tests="1" failures="0" timestamp="13 Apr 2018 05:23:20 GMT" time="25.224" errors="0">
  <testcase name="LoginSalesForce" time="25.224" classname="com.pom.testcases.TC1"/>
</testsuite> <!-- com.pom.testcases.TC1 -->
